0 info it worked if it ends with ok
1 verbose cli [ '/usr/bin/node', '/usr/bin/npm', 'install', '-g', 'typescript' ]
2 info using npm@3.5.2
3 info using node@v8.10.0
4 silly loadCurrentTree Starting
5 silly install loadCurrentTree
6 silly install readGlobalPackageData
7 silly fetchPackageMetaData typescript
8 silly fetchNamedPackageData typescript
9 silly mapToRegistry name typescript
10 silly mapToRegistry using default registry
11 silly mapToRegistry registry https://registry.npmjs.org/
12 silly mapToRegistry uri https://registry.npmjs.org/typescript
13 verbose request uri https://registry.npmjs.org/typescript
14 verbose request no auth needed
15 info attempt registry request try #1 at 1:40:50 PM
16 verbose request id 85f4eb31336a397b
17 verbose etag W/"7afc965228ea3a193a67f1265a48194c"
18 verbose lastModified Sat, 27 Oct 2018 06:16:36 GMT
19 http request GET https://registry.npmjs.org/typescript
20 http 304 https://registry.npmjs.org/typescript
21 verbose headers { date: 'Sun, 28 Oct 2018 08:10:51 GMT',
21 verbose headers   connection: 'keep-alive',
21 verbose headers   'set-cookie':
21 verbose headers    [ '__cfduid=d62474fedfaba792c9878196c02e4d2431540714251; expires=Mon, 28-Oct-19 08:10:51 GMT; path=/; domain=.registry.npmjs.org; HttpOnly' ],
21 verbose headers   'cf-cache-status': 'HIT',
21 verbose headers   'cache-control': 'max-age=300',
21 verbose headers   'cf-ray': '470beda61da68a91-BOM',
21 verbose headers   etag: '"7afc965228ea3a193a67f1265a48194c"',
21 verbose headers   'expect-ct': 'max-age=604800, report-uri="https://report-uri.cloudflare.com/cdn-cgi/beacon/expect-ct"',
21 verbose headers   'last-modified': 'Sat, 27 Oct 2018 06:16:36 GMT',
21 verbose headers   vary: 'accept-encoding, accept',
21 verbose headers   'x-amz-meta-rev': '1476-c8ae571460a05d17f00e34bd521dddd7',
21 verbose headers   server: 'cloudflare' }
22 silly get cb [ 304,
22 silly get   { date: 'Sun, 28 Oct 2018 08:10:51 GMT',
22 silly get     connection: 'keep-alive',
22 silly get     'set-cookie':
22 silly get      [ '__cfduid=d62474fedfaba792c9878196c02e4d2431540714251; expires=Mon, 28-Oct-19 08:10:51 GMT; path=/; domain=.registry.npmjs.org; HttpOnly' ],
22 silly get     'cf-cache-status': 'HIT',
22 silly get     'cache-control': 'max-age=300',
22 silly get     'cf-ray': '470beda61da68a91-BOM',
22 silly get     etag: '"7afc965228ea3a193a67f1265a48194c"',
22 silly get     'expect-ct': 'max-age=604800, report-uri="https://report-uri.cloudflare.com/cdn-cgi/beacon/expect-ct"',
22 silly get     'last-modified': 'Sat, 27 Oct 2018 06:16:36 GMT',
22 silly get     vary: 'accept-encoding, accept',
22 silly get     'x-amz-meta-rev': '1476-c8ae571460a05d17f00e34bd521dddd7',
22 silly get     server: 'cloudflare' } ]
23 verbose etag https://registry.npmjs.org/typescript from cache
24 verbose get saving typescript to /home/diwakar/.npm/registry.npmjs.org/typescript/.cache.json
25 silly install normalizeTree
26 silly loadCurrentTree Finishing
27 silly loadIdealTree Starting
28 silly install loadIdealTree
29 silly cloneCurrentTree Starting
30 silly install cloneCurrentTreeToIdealTree
31 silly cloneCurrentTree Finishing
32 silly loadShrinkwrap Starting
33 silly install loadShrinkwrap
34 silly loadShrinkwrap Finishing
35 silly loadAllDepsIntoIdealTree Starting
36 silly install loadAllDepsIntoIdealTree
37 silly resolveWithNewModule typescript@3.1.3 checking installable status
38 silly cache add args [ 'typescript', null ]
39 verbose cache add spec typescript
40 silly cache add parsed spec Result {
40 silly cache add   raw: 'typescript',
40 silly cache add   scope: null,
40 silly cache add   name: 'typescript',
40 silly cache add   rawSpec: '',
40 silly cache add   spec: 'latest',
40 silly cache add   type: 'tag' }
41 silly addNamed typescript@latest
42 verbose addNamed "latest" is being treated as a dist-tag for typescript
43 info addNameTag [ 'typescript', 'latest' ]
44 silly mapToRegistry name typescript
45 silly mapToRegistry using default registry
46 silly mapToRegistry registry https://registry.npmjs.org/
47 silly mapToRegistry uri https://registry.npmjs.org/typescript
48 verbose addNameTag registry:https://registry.npmjs.org/typescript not in flight; fetching
49 verbose get https://registry.npmjs.org/typescript not expired, no request
50 silly addNameTag next cb for typescript with tag latest
51 silly addNamed typescript@3.1.3
52 verbose addNamed "3.1.3" is a plain semver version for typescript
53 silly cache afterAdd typescript@3.1.3
54 verbose afterAdd /home/diwakar/.npm/typescript/3.1.3/package/package.json not in flight; writing
55 verbose afterAdd /home/diwakar/.npm/typescript/3.1.3/package/package.json written
56 silly loadAllDepsIntoIdealTree Finishing
57 silly idealTree:prePrune lib
57 silly idealTree:prePrune `-- typescript@3.1.3
58 silly loadIdealTree Finishing
59 silly currentTree lib
59 silly currentTree `-- typescript@3.1.3
60 silly idealTree lib
60 silly idealTree `-- typescript@3.1.3
61 silly generateActionsToTake Starting
62 silly install generateActionsToTake
63 warn checkPermissions Missing write access to /usr/local/lib/node_modules/typescript
64 warn checkPermissions Missing write access to /usr/local/lib/node_modules
65 silly rollbackFailedOptional Starting
66 silly rollbackFailedOptional Finishing
67 silly runTopLevelLifecycles Starting
68 silly runTopLevelLifecycles Finishing
69 silly install printInstalled
70 verbose stack Error: EACCES: permission denied, access '/usr/local/lib/node_modules/typescript'
71 verbose cwd /home/diwakar/newton
72 error Linux 4.15.0-20-generic
73 error argv "/usr/bin/node" "/usr/bin/npm" "install" "-g" "typescript"
74 error node v8.10.0
75 error npm  v3.5.2
76 error path /usr/local/lib/node_modules/typescript
77 error code EACCES
78 error errno -13
79 error syscall access
80 error Error: EACCES: permission denied, access '/usr/local/lib/node_modules/typescript'
80 error  { Error: EACCES: permission denied, access '/usr/local/lib/node_modules/typescript'
80 error   errno: -13,
80 error   code: 'EACCES',
80 error   syscall: 'access',
80 error   path: '/usr/local/lib/node_modules/typescript' }
81 error Please try running this command again as root/Administrator.
82 verbose exit [ -13, true ]
